#! /usr/local/Cellar/icarus-verilog/11.0/bin/vvp
:ivl_version "11.0 (stable)";
:ivl_delay_selection "TYPICAL";
:vpi_time_precision + 0;
:vpi_module "/usr/local/Cellar/icarus-verilog/11.0/lib/ivl/system.vpi";
:vpi_module "/usr/local/Cellar/icarus-verilog/11.0/lib/ivl/vhdl_sys.vpi";
:vpi_module "/usr/local/Cellar/icarus-verilog/11.0/lib/ivl/vhdl_textio.vpi";
:vpi_module "/usr/local/Cellar/icarus-verilog/11.0/lib/ivl/v2005_math.vpi";
:vpi_module "/usr/local/Cellar/icarus-verilog/11.0/lib/ivl/va_math.vpi";
:vpi_module "/usr/local/Cellar/icarus-verilog/11.0/lib/ivl/v2009.vpi";
S_0x7ff560004460 .scope package, "$unit" "$unit" 2 1;
 .timescale 0 0;
S_0x7ff5600045d0 .scope module, "alucontrol_tb" "alucontrol_tb" 3 1;
 .timescale 0 0;
v0x7ff5600153b0_0 .var "a", 31 0;
v0x7ff560015460_0 .var "aluOp", 3 0;
v0x7ff560015510_0 .var "b", 31 0;
v0x7ff5600155e0_0 .var "funct", 5 0;
v0x7ff560015690_0 .net "result", 31 0, v0x7ff560014c30_0;  1 drivers
v0x7ff560015760_0 .var "shift", 4 0;
v0x7ff560015810_0 .net "tempOp", 4 0, v0x7ff5600152a0_0;  1 drivers
v0x7ff5600158e0_0 .net "zero", 0 0, L_0x7ff5600159c0;  1 drivers
S_0x7ff560004740 .scope module, "alu" "ALU" 3 21, 4 1 0, S_0x7ff5600045d0;
 .timescale 0 0;
    .port_info 0 /INPUT 5 "alu_func";
    .port_info 1 /INPUT 32 "a";
    .port_info 2 /INPUT 32 "b";
    .port_info 3 /INPUT 5 "shift";
    .port_info 4 /OUTPUT 32 "result";
    .port_info 5 /OUTPUT 1 "zero";
L_0x7ff55ed63008 .functor BUFT 1, C4<00000000000000000000000000000000>, C4<0>, C4<0>, C4<0>;
v0x7ff560004970_0 .net/2u *"_ivl_0", 31 0, L_0x7ff55ed63008;  1 drivers
v0x7ff560014a10_0 .net "a", 31 0, v0x7ff5600153b0_0;  1 drivers
v0x7ff560014ac0_0 .net "alu_func", 4 0, v0x7ff5600152a0_0;  alias, 1 drivers
v0x7ff560014b80_0 .net "b", 31 0, v0x7ff560015510_0;  1 drivers
v0x7ff560014c30_0 .var "result", 31 0;
v0x7ff560014d20_0 .net "shift", 4 0, v0x7ff560015760_0;  1 drivers
v0x7ff560014dd0_0 .net "zero", 0 0, L_0x7ff5600159c0;  alias, 1 drivers
E_0x7ff560004940 .event edge, v0x7ff560014ac0_0, v0x7ff560014a10_0, v0x7ff560014b80_0, v0x7ff560014d20_0;
L_0x7ff5600159c0 .cmp/eq 32, v0x7ff560014c30_0, L_0x7ff55ed63008;
S_0x7ff560014f00 .scope module, "control" "aluControl" 3 15, 5 1 0, S_0x7ff5600045d0;
 .timescale 0 0;
    .port_info 0 /INPUT 4 "aluOp";
    .port_info 1 /INPUT 6 "funct";
    .port_info 2 /OUTPUT 5 "toAlu";
v0x7ff560015140_0 .net "aluOp", 3 0, v0x7ff560015460_0;  1 drivers
v0x7ff5600151f0_0 .net "funct", 5 0, v0x7ff5600155e0_0;  1 drivers
v0x7ff5600152a0_0 .var "toAlu", 4 0;
E_0x7ff560015110 .event edge, v0x7ff560015140_0, v0x7ff5600151f0_0;
    .scope S_0x7ff560014f00;
T_0 ;
Ewait_0 .event/or E_0x7ff560015110, E_0x0;
    %wait Ewait_0;
    %load/vec4 v0x7ff560015140_0;
    %dup/vec4;
    %pushi/vec4 0, 0, 4;
    %cmp/u;
    %jmp/1 T_0.0, 6;
    %dup/vec4;
    %pushi/vec4 1, 0, 4;
    %cmp/u;
    %jmp/1 T_0.1, 6;
    %dup/vec4;
    %pushi/vec4 2, 0, 4;
    %cmp/u;
    %jmp/1 T_0.2, 6;
    %dup/vec4;
    %pushi/vec4 3, 0, 4;
    %cmp/u;
    %jmp/1 T_0.3, 6;
    %dup/vec4;
    %pushi/vec4 4, 0, 4;
    %cmp/u;
    %jmp/1 T_0.4, 6;
    %dup/vec4;
    %pushi/vec4 5, 0, 4;
    %cmp/u;
    %jmp/1 T_0.5, 6;
    %dup/vec4;
    %pushi/vec4 6, 0, 4;
    %cmp/u;
    %jmp/1 T_0.6, 6;
    %dup/vec4;
    %pushi/vec4 7, 0, 4;
    %cmp/u;
    %jmp/1 T_0.7, 6;
    %dup/vec4;
    %pushi/vec4 8, 0, 4;
    %cmp/u;
    %jmp/1 T_0.8, 6;
    %pushi/vec4 0, 0, 5;
    %store/vec4 v0x7ff5600152a0_0, 0, 5;
    %jmp T_0.10;
T_0.0 ;
    %pushi/vec4 0, 0, 5;
    %store/vec4 v0x7ff5600152a0_0, 0, 5;
    %jmp T_0.10;
T_0.1 ;
    %pushi/vec4 3, 0, 5;
    %store/vec4 v0x7ff5600152a0_0, 0, 5;
    %jmp T_0.10;
T_0.2 ;
    %load/vec4 v0x7ff5600151f0_0;
    %dup/vec4;
    %pushi/vec4 32, 0, 6;
    %cmp/u;
    %jmp/1 T_0.11, 6;
    %dup/vec4;
    %pushi/vec4 36, 0, 6;
    %cmp/u;
    %jmp/1 T_0.12, 6;
    %dup/vec4;
    %pushi/vec4 37, 0, 6;
    %cmp/u;
    %jmp/1 T_0.13, 6;
    %dup/vec4;
    %pushi/vec4 42, 0, 6;
    %cmp/u;
    %jmp/1 T_0.14, 6;
    %dup/vec4;
    %pushi/vec4 43, 0, 6;
    %cmp/u;
    %jmp/1 T_0.15, 6;
    %dup/vec4;
    %pushi/vec4 0, 0, 6;
    %cmp/u;
    %jmp/1 T_0.16, 6;
    %dup/vec4;
    %pushi/vec4 4, 0, 6;
    %cmp/u;
    %jmp/1 T_0.17, 6;
    %dup/vec4;
    %pushi/vec4 2, 0, 6;
    %cmp/u;
    %jmp/1 T_0.18, 6;
    %dup/vec4;
    %pushi/vec4 6, 0, 6;
    %cmp/u;
    %jmp/1 T_0.19, 6;
    %dup/vec4;
    %pushi/vec4 3, 0, 6;
    %cmp/u;
    %jmp/1 T_0.20, 6;
    %dup/vec4;
    %pushi/vec4 7, 0, 6;
    %cmp/u;
    %jmp/1 T_0.21, 6;
    %dup/vec4;
    %pushi/vec4 35, 0, 6;
    %cmp/u;
    %jmp/1 T_0.22, 6;
    %jmp T_0.23;
T_0.11 ;
    %pushi/vec4 0, 0, 5;
    %store/vec4 v0x7ff5600152a0_0, 0, 5;
    %jmp T_0.23;
T_0.12 ;
    %pushi/vec4 1, 0, 5;
    %store/vec4 v0x7ff5600152a0_0, 0, 5;
    %jmp T_0.23;
T_0.13 ;
    %pushi/vec4 2, 0, 5;
    %store/vec4 v0x7ff5600152a0_0, 0, 5;
    %jmp T_0.23;
T_0.14 ;
    %pushi/vec4 4, 0, 5;
    %store/vec4 v0x7ff5600152a0_0, 0, 5;
    %jmp T_0.23;
T_0.15 ;
    %pushi/vec4 5, 0, 5;
    %store/vec4 v0x7ff5600152a0_0, 0, 5;
    %jmp T_0.23;
T_0.16 ;
    %pushi/vec4 6, 0, 5;
    %store/vec4 v0x7ff5600152a0_0, 0, 5;
    %jmp T_0.23;
T_0.17 ;
    %pushi/vec4 7, 0, 5;
    %store/vec4 v0x7ff5600152a0_0, 0, 5;
    %jmp T_0.23;
T_0.18 ;
    %pushi/vec4 8, 0, 5;
    %store/vec4 v0x7ff5600152a0_0, 0, 5;
    %jmp T_0.23;
T_0.19 ;
    %pushi/vec4 9, 0, 5;
    %store/vec4 v0x7ff5600152a0_0, 0, 5;
    %jmp T_0.23;
T_0.20 ;
    %pushi/vec4 10, 0, 5;
    %store/vec4 v0x7ff5600152a0_0, 0, 5;
    %jmp T_0.23;
T_0.21 ;
    %pushi/vec4 11, 0, 5;
    %store/vec4 v0x7ff5600152a0_0, 0, 5;
    %jmp T_0.23;
T_0.22 ;
    %pushi/vec4 3, 0, 5;
    %store/vec4 v0x7ff5600152a0_0, 0, 5;
    %jmp T_0.23;
T_0.23 ;
    %pop/vec4 1;
    %jmp T_0.10;
T_0.3 ;
    %pushi/vec4 12, 0, 5;
    %store/vec4 v0x7ff5600152a0_0, 0, 5;
    %jmp T_0.10;
T_0.4 ;
    %pushi/vec4 13, 0, 5;
    %store/vec4 v0x7ff5600152a0_0, 0, 5;
    %jmp T_0.10;
T_0.5 ;
    %pushi/vec4 14, 0, 5;
    %store/vec4 v0x7ff5600152a0_0, 0, 5;
    %jmp T_0.10;
T_0.6 ;
    %pushi/vec4 15, 0, 5;
    %store/vec4 v0x7ff5600152a0_0, 0, 5;
    %jmp T_0.10;
T_0.7 ;
    %pushi/vec4 16, 0, 5;
    %store/vec4 v0x7ff5600152a0_0, 0, 5;
    %jmp T_0.10;
T_0.8 ;
    %pushi/vec4 17, 0, 5;
    %store/vec4 v0x7ff5600152a0_0, 0, 5;
    %jmp T_0.10;
T_0.10 ;
    %pop/vec4 1;
    %jmp T_0;
    .thread T_0, $push;
    .scope S_0x7ff560004740;
T_1 ;
Ewait_1 .event/or E_0x7ff560004940, E_0x0;
    %wait Ewait_1;
    %load/vec4 v0x7ff560014ac0_0;
    %dup/vec4;
    %pushi/vec4 0, 0, 5;
    %cmp/u;
    %jmp/1 T_1.0, 6;
    %dup/vec4;
    %pushi/vec4 1, 0, 5;
    %cmp/u;
    %jmp/1 T_1.1, 6;
    %dup/vec4;
    %pushi/vec4 2, 0, 5;
    %cmp/u;
    %jmp/1 T_1.2, 6;
    %dup/vec4;
    %pushi/vec4 3, 0, 5;
    %cmp/u;
    %jmp/1 T_1.3, 6;
    %dup/vec4;
    %pushi/vec4 4, 0, 5;
    %cmp/u;
    %jmp/1 T_1.4, 6;
    %dup/vec4;
    %pushi/vec4 5, 0, 5;
    %cmp/u;
    %jmp/1 T_1.5, 6;
    %dup/vec4;
    %pushi/vec4 6, 0, 5;
    %cmp/u;
    %jmp/1 T_1.6, 6;
    %dup/vec4;
    %pushi/vec4 7, 0, 5;
    %cmp/u;
    %jmp/1 T_1.7, 6;
    %dup/vec4;
    %pushi/vec4 8, 0, 5;
    %cmp/u;
    %jmp/1 T_1.8, 6;
    %dup/vec4;
    %pushi/vec4 9, 0, 5;
    %cmp/u;
    %jmp/1 T_1.9, 6;
    %dup/vec4;
    %pushi/vec4 10, 0, 5;
    %cmp/u;
    %jmp/1 T_1.10, 6;
    %dup/vec4;
    %pushi/vec4 11, 0, 5;
    %cmp/u;
    %jmp/1 T_1.11, 6;
    %dup/vec4;
    %pushi/vec4 12, 0, 5;
    %cmp/u;
    %jmp/1 T_1.12, 6;
    %dup/vec4;
    %pushi/vec4 13, 0, 5;
    %cmp/u;
    %jmp/1 T_1.13, 6;
    %dup/vec4;
    %pushi/vec4 14, 0, 5;
    %cmp/u;
    %jmp/1 T_1.14, 6;
    %dup/vec4;
    %pushi/vec4 15, 0, 5;
    %cmp/u;
    %jmp/1 T_1.15, 6;
    %dup/vec4;
    %pushi/vec4 16, 0, 5;
    %cmp/u;
    %jmp/1 T_1.16, 6;
    %dup/vec4;
    %pushi/vec4 17, 0, 5;
    %cmp/u;
    %jmp/1 T_1.17, 6;
    %pushi/vec4 0, 0, 32;
    %store/vec4 v0x7ff560014c30_0, 0, 32;
    %jmp T_1.19;
T_1.0 ;
    %load/vec4 v0x7ff560014a10_0;
    %load/vec4 v0x7ff560014b80_0;
    %add;
    %store/vec4 v0x7ff560014c30_0, 0, 32;
    %jmp T_1.19;
T_1.1 ;
    %load/vec4 v0x7ff560014a10_0;
    %load/vec4 v0x7ff560014b80_0;
    %and;
    %store/vec4 v0x7ff560014c30_0, 0, 32;
    %jmp T_1.19;
T_1.2 ;
    %load/vec4 v0x7ff560014a10_0;
    %load/vec4 v0x7ff560014b80_0;
    %or;
    %store/vec4 v0x7ff560014c30_0, 0, 32;
    %jmp T_1.19;
T_1.3 ;
    %load/vec4 v0x7ff560014a10_0;
    %load/vec4 v0x7ff560014b80_0;
    %sub;
    %store/vec4 v0x7ff560014c30_0, 0, 32;
    %jmp T_1.19;
T_1.4 ;
    %load/vec4 v0x7ff560014a10_0;
    %load/vec4 v0x7ff560014b80_0;
    %cmp/s;
    %flag_get/vec4 5;
    %pad/u 32;
    %store/vec4 v0x7ff560014c30_0, 0, 32;
    %jmp T_1.19;
T_1.5 ;
    %load/vec4 v0x7ff560014a10_0;
    %load/vec4 v0x7ff560014b80_0;
    %cmp/u;
    %flag_get/vec4 5;
    %pad/u 32;
    %store/vec4 v0x7ff560014c30_0, 0, 32;
    %jmp T_1.19;
T_1.6 ;
    %load/vec4 v0x7ff560014a10_0;
    %ix/getv 4, v0x7ff560014d20_0;
    %shiftl 4;
    %store/vec4 v0x7ff560014c30_0, 0, 32;
    %jmp T_1.19;
T_1.7 ;
    %load/vec4 v0x7ff560014a10_0;
    %ix/getv 4, v0x7ff560014b80_0;
    %shiftl 4;
    %store/vec4 v0x7ff560014c30_0, 0, 32;
    %jmp T_1.19;
T_1.8 ;
    %load/vec4 v0x7ff560014a10_0;
    %ix/getv 4, v0x7ff560014d20_0;
    %shiftr 4;
    %store/vec4 v0x7ff560014c30_0, 0, 32;
    %jmp T_1.19;
T_1.9 ;
    %load/vec4 v0x7ff560014a10_0;
    %ix/getv 4, v0x7ff560014b80_0;
    %shiftr 4;
    %store/vec4 v0x7ff560014c30_0, 0, 32;
    %jmp T_1.19;
T_1.10 ;
    %load/vec4 v0x7ff560014a10_0;
    %ix/getv 4, v0x7ff560014d20_0;
    %shiftr/s 4;
    %store/vec4 v0x7ff560014c30_0, 0, 32;
    %jmp T_1.19;
T_1.11 ;
    %load/vec4 v0x7ff560014a10_0;
    %ix/getv 4, v0x7ff560014b80_0;
    %shiftr/s 4;
    %store/vec4 v0x7ff560014c30_0, 0, 32;
    %jmp T_1.19;
T_1.12 ;
    %load/vec4 v0x7ff560014a10_0;
    %load/vec4 v0x7ff560014b80_0;
    %cmp/e;
    %flag_get/vec4 4;
    %pad/u 32;
    %store/vec4 v0x7ff560014c30_0, 0, 32;
    %jmp T_1.19;
T_1.13 ;
    %pushi/vec4 0, 0, 32;
    %load/vec4 v0x7ff560014a10_0;
    %cmp/s;
    %flag_get/vec4 4;
    %flag_get/vec4 5;
    %or;
    %pad/u 32;
    %store/vec4 v0x7ff560014c30_0, 0, 32;
    %jmp T_1.19;
T_1.14 ;
    %pushi/vec4 0, 0, 32;
    %load/vec4 v0x7ff560014a10_0;
    %cmp/s;
    %flag_get/vec4 5;
    %pad/u 32;
    %store/vec4 v0x7ff560014c30_0, 0, 32;
    %jmp T_1.19;
T_1.15 ;
    %load/vec4 v0x7ff560014a10_0;
    %cmpi/s 0, 0, 32;
    %flag_get/vec4 4;
    %flag_get/vec4 5;
    %or;
    %pad/u 32;
    %store/vec4 v0x7ff560014c30_0, 0, 32;
    %jmp T_1.19;
T_1.16 ;
    %load/vec4 v0x7ff560014a10_0;
    %cmpi/s 0, 0, 32;
    %flag_get/vec4 5;
    %pad/u 32;
    %store/vec4 v0x7ff560014c30_0, 0, 32;
    %jmp T_1.19;
T_1.17 ;
    %load/vec4 v0x7ff560014a10_0;
    %load/vec4 v0x7ff560014b80_0;
    %cmp/ne;
    %flag_get/vec4 4;
    %pad/u 32;
    %store/vec4 v0x7ff560014c30_0, 0, 32;
    %jmp T_1.19;
T_1.19 ;
    %pop/vec4 1;
    %jmp T_1;
    .thread T_1, $push;
    .scope S_0x7ff5600045d0;
T_2 ;
    %pushi/vec4 12, 0, 32;
    %store/vec4 v0x7ff5600153b0_0, 0, 32;
    %pushi/vec4 2, 0, 32;
    %store/vec4 v0x7ff560015510_0, 0, 32;
    %pushi/vec4 1, 0, 5;
    %store/vec4 v0x7ff560015760_0, 0, 5;
    %pushi/vec4 2, 0, 4;
    %store/vec4 v0x7ff560015460_0, 0, 4;
    %pushi/vec4 4, 0, 6;
    %store/vec4 v0x7ff5600155e0_0, 0, 6;
    %delay 1, 0;
    %vpi_call/w 3 37 "$display", "aluop = %b", v0x7ff560015460_0 {0 0 0};
    %load/vec4 v0x7ff560015690_0;
    %cmpi/e 48, 0, 32;
    %jmp/0xz  T_2.0, 4;
    %jmp T_2.1;
T_2.0 ;
    %vpi_call/w 3 39 "$fatal", 32'sb00000000000000000000000000000001, "result = %b, tempop = %b", v0x7ff560015690_0, v0x7ff560015810_0 {0 0 0};
T_2.1 ;
    %vpi_call/w 3 40 "$display", "success" {0 0 0};
    %end;
    .thread T_2;
# The file index is used to find the file name in the following table.
:file_names 6;
    "N/A";
    "<interactive>";
    "-";
    "alucontrol_tb.v";
    "alu.v";
    "alucontrol.v";
